2026-06-02 16:48:21 [INFO] ▶ 开始每日更新...
2026-06-02 16:48:21 [INFO] ===== 开始每日更新 2026-06-02 =====
2026-06-02 16:48:21 [WARNING] 检测到缺少数据: 2026-06-02
2026-06-02 16:48:21 [INFO] 需要补全数据: ['2026-06-02']
2026-06-02 16:48:21 [INFO] 
==================================================
2026-06-02 16:48:21 [INFO] 开始抓取 2026-06-02 的论文
2026-06-02 16:48:21 [INFO] ==================================================
2026-06-02 16:48:21 [INFO] Step 1: 抓取 PubMed 新论文
2026-06-02 16:48:21 [INFO] 已加载期刊过滤表: 713 个期刊（IF>=5 + JCR Q1/Q2 + 中科院1/2区，来自 journal_info.tsv）
2026-06-02 16:48:21 [INFO] 已有 223 篇文献记录，不再重复检索
2026-06-02 16:48:21 [INFO] 正在搜索 2026/06/02 的新论文...
2026-06-02 16:48:21 [INFO] 搜索到 9 篇 PMID
2026-06-02 16:48:21 [INFO]   其中新增 9 篇（过滤已有 0 篇）
2026-06-02 16:48:22 [INFO]   内容过滤: 排除 4 篇，保留 5 篇
2026-06-02 16:48:22 [INFO]   期刊过滤: 排除 5 篇，保留 0 篇
2026-06-02 16:48:22 [INFO] 
2026-06-02 16:48:22 [INFO] ================================================================================
2026-06-02 16:48:22 [INFO]   📋 本次搜索论文汇总（共 9 篇）
2026-06-02 16:48:22 [INFO] ================================================================================
2026-06-02 16:48:22 [INFO]   🚫 内容过滤排除 (4 篇):
2026-06-02 16:48:22 [INFO]     [1] PMID 42138618 | Environmental science & technology
2026-06-02 16:48:22 [INFO]         Wildfire-Altered Soil Water-Extractable Organic Matter Drives Divergent Greenhouse Gas Emissions in Anaerobic Subsurface Soils.
2026-06-02 16:48:22 [INFO]         原因: 内容含排除词: soil
2026-06-02 16:48:22 [INFO]     [2] PMID 41944124 | Environmental science & technology
2026-06-02 16:48:22 [INFO]         Amine-Containing Micropollutants Exposure Reshapes Sludge Anaerobic Digestion via Enzymatic Inhibition and Stress-Mediated Alteration of Methanogenic Pathways.
2026-06-02 16:48:22 [INFO]         原因: 内容含排除词: crop
2026-06-02 16:48:22 [INFO]     [3] PMID 42227223 | American journal of botany
2026-06-02 16:48:22 [INFO]         Exploring the lichenization continuum through the marine tripartite symbiosis of Collemopsidium pelvetiae.
2026-06-02 16:48:22 [INFO]         原因: 内容含排除词: algae
2026-06-02 16:48:22 [INFO]     [4] PMID 42148838 | Environmental science & technology
2026-06-02 16:48:22 [INFO]         Core Microbiota Drives Host-Specific Growth Enhancement: Evidence in a Harmful Algal Bloom Causing Dinoflagellate Prorocentrum lima.
2026-06-02 16:48:22 [INFO]         原因: 内容含排除词: plant
2026-06-02 16:48:22 [INFO]   📵 期刊过滤排除 (5 篇):
2026-06-02 16:48:22 [INFO]     [1] PMID 41920180 | Cancer epidemiology, biomarkers & prevention : a publication of the American Association for Cancer Research, cosponsored by the American Society of Preventive Oncology
2026-06-02 16:48:22 [INFO]         The Phylum Fusobacteriota Is Associated with Colorectal Cancer-Specific Mortality: Results from the Translational Research Program in Cancer Differences across Populations.
2026-06-02 16:48:22 [INFO]         原因: 期刊不在 journal_info.tsv 中: Cancer epidemiology, biomarkers & prevention : a publication of the American Association for Cancer Research, cosponsored by the American Society of Preventive Oncology
2026-06-02 16:48:22 [INFO]     [2] PMID 42227044 | Journal of clinical and experimental neuropsychology
2026-06-02 16:48:22 [INFO]         The gut-brain axis in Alzheimer's and Parkinson's diseases: a systematic review of microbiota-derived biomarkers and novel therapeutic approaches.
2026-06-02 16:48:22 [INFO]         原因: 期刊不在 journal_info.tsv 中: Journal of clinical and experimental neuropsychology
2026-06-02 16:48:22 [INFO]     [3] PMID 42227074 | Future microbiology
2026-06-02 16:48:22 [INFO]         Host transcriptional signatures associated with microbial sequence signals reveal age-related decline in intestinal homeostasis.
2026-06-02 16:48:22 [INFO]         原因: 期刊不在 journal_info.tsv 中: Future microbiology
2026-06-02 16:48:22 [INFO]     [4] PMID 42227171 | Journal of experimental botany
2026-06-02 16:48:22 [INFO]         Anticipate, acclimate, recuperate and remember: How spatiotemporal signal integration controls flooding stress resilience in plants.
2026-06-02 16:48:22 [INFO]         原因: 期刊不在 journal_info.tsv 中: Journal of experimental botany
2026-06-02 16:48:22 [INFO]     [5] PMID 41887058 | International journal of food microbiology
2026-06-02 16:48:22 [INFO]         Influence of cabbage farming practice and potato peel addition on the endpoint microbial community in sauerkraut fermentation.
2026-06-02 16:48:22 [INFO]         原因: 期刊不在 journal_info.tsv 中: International journal of food microbiology
2026-06-02 16:48:22 [INFO] ================================================================================
2026-06-02 16:48:22 [INFO] 
2026-06-02 16:48:23 [INFO] 今日无新增论文
2026-06-02 16:48:23 [INFO] Step 2: AI 摘要生成
2026-06-02 16:48:23 [WARNING] 文件不存在: /home/runner/work/meta.seubiomed.com/meta.seubiomed.com/data/daily/2026-06-02.json
2026-06-02 16:48:23 [INFO] 
Step 3: 整合数据
2026-06-02 16:48:23 [INFO] 累积基础 4335 篇 + 新增 6 篇 = 共 4341 篇
2026-06-02 16:48:23 [INFO] Journal lookup loaded: 1930 names, 3083 ISSNs
2026-06-02 16:48:23 [INFO] 分区过滤: 排除 6 篇（IF<5 或 JCR Q3/Q4 或 CAS 3/4区），保留 4335 篇
2026-06-02 16:48:23 [INFO] 已写入 /home/runner/work/meta.seubiomed.com/meta.seubiomed.com/web/data.json (3933 KB)
2026-06-02 16:48:23 [INFO]   2015: 91 篇 -> 2015.json
2026-06-02 16:48:23 [INFO]   2016: 94 篇 -> 2016.json
2026-06-02 16:48:23 [INFO]   2017: 86 篇 -> 2017.json
2026-06-02 16:48:23 [INFO]   2018: 106 篇 -> 2018.json
2026-06-02 16:48:23 [INFO]   2019: 183 篇 -> 2019.json
2026-06-02 16:48:23 [INFO]   2020: 375 篇 -> 2020.json
2026-06-02 16:48:23 [INFO]   2021: 456 篇 -> 2021.json
2026-06-02 16:48:23 [INFO]   2022: 574 篇 -> 2022.json
2026-06-02 16:48:23 [INFO]   2023: 560 篇 -> 2023.json
2026-06-02 16:48:23 [INFO]   2024: 684 篇 -> 2024.json
2026-06-02 16:48:23 [INFO]   2025: 817 篇 -> 2025.json
2026-06-02 16:48:23 [INFO]   2026: 309 篇 -> 2026.json
2026-06-02 16:48:23 [INFO] 已写入 /home/runner/work/meta.seubiomed.com/meta.seubiomed.com/web/data/index.json（12 个年份）
2026-06-02 16:48:23 [INFO] 已写入 /home/runner/work/meta.seubiomed.com/meta.seubiomed.com/web/stats.json
2026-06-02 16:48:23 [INFO] 已写入 /home/runner/work/meta.seubiomed.com/meta.seubiomed.com/web/memory.json
2026-06-02 16:48:23 [INFO] 
==================================================
2026-06-02 16:48:23 [INFO] ===== 完成！共 4335 篇文献 =====
2026-06-02 16:48:23 [INFO] 已补全 1 天的数据
2026-06-02 16:48:23 [INFO] ==================================================
2026-06-02 16:48:23 [INFO] ✓ 每日更新完成
2026-06-02 16:48:23 [INFO] ▶ 开始整合数据...
2026-06-02 16:48:23 [INFO] 累积基础 4335 篇 + 新增 6 篇 = 共 4341 篇
2026-06-02 16:48:23 [INFO] Journal lookup loaded: 1930 names, 3083 ISSNs
2026-06-02 16:48:23 [INFO] 分区过滤: 排除 6 篇（IF<5 或 JCR Q3/Q4 或 CAS 3/4区），保留 4335 篇
2026-06-02 16:48:23 [INFO] 已写入 /home/runner/work/meta.seubiomed.com/meta.seubiomed.com/web/data.json (3933 KB)
2026-06-02 16:48:23 [INFO]   2015: 91 篇 -> 2015.json
2026-06-02 16:48:23 [INFO]   2016: 94 篇 -> 2016.json
2026-06-02 16:48:23 [INFO]   2017: 86 篇 -> 2017.json
2026-06-02 16:48:23 [INFO]   2018: 106 篇 -> 2018.json
2026-06-02 16:48:23 [INFO]   2019: 183 篇 -> 2019.json
2026-06-02 16:48:23 [INFO]   2020: 375 篇 -> 2020.json
2026-06-02 16:48:23 [INFO]   2021: 456 篇 -> 2021.json
2026-06-02 16:48:23 [INFO]   2022: 574 篇 -> 2022.json
2026-06-02 16:48:23 [INFO]   2023: 560 篇 -> 2023.json
2026-06-02 16:48:23 [INFO]   2024: 684 篇 -> 2024.json
2026-06-02 16:48:23 [INFO]   2025: 817 篇 -> 2025.json
2026-06-02 16:48:23 [INFO]   2026: 309 篇 -> 2026.json
2026-06-02 16:48:23 [INFO] 已写入 /home/runner/work/meta.seubiomed.com/meta.seubiomed.com/web/data/index.json（12 个年份）
2026-06-02 16:48:23 [INFO] 已写入 /home/runner/work/meta.seubiomed.com/meta.seubiomed.com/web/stats.json
2026-06-02 16:48:23 [INFO] 已写入 /home/runner/work/meta.seubiomed.com/meta.seubiomed.com/web/memory.json
2026-06-02 16:48:23 [INFO] ✓ 整合完成！共 4335 篇文献
